2024-06-24 18:36:29 INFO  c.e.c.CbProfileUtilsApplication - Starting CbProfileUtilsApplication using Java 21.0.2 with PID 912317 (/home/snow/IdeaProjects/CbProfileUtils/target/classes started by snow in /home/snow/IdeaProjects/CbProfileUtils)
2024-06-24 18:36:29 INFO  c.e.c.CbProfileUtilsApplication - No active profile set, falling back to 1 default profile: "default"
2024-06-24 18:36:30 INFO  o.s.b.d.e.DevToolsPropertyDefaultsPostProcessor - Devtools property defaults active! Set 'spring.devtools.add-properties' to 'false' to disable
2024-06-24 18:36:30 INFO  o.s.d.r.c.RepositoryConfigurationDelegate - Multiple Spring Data modules found, entering strict repository configuration mode
2024-06-24 18:36:30 INFO  o.s.d.r.c.RepositoryConfigurationDelegate - Bootstrapping Spring Data Couchbase repositories in DEFAULT mode.
2024-06-24 18:36:30 INFO  o.s.d.r.c.RepositoryConfigurationDelegate - Finished Spring Data repository scanning in 79 ms. Found 0 Couchbase repository interfaces.
2024-06-24 18:36:30 INFO  o.s.d.r.c.RepositoryConfigurationDelegate - Multiple Spring Data modules found, entering strict repository configuration mode
2024-06-24 18:36:30 INFO  o.s.d.r.c.RepositoryConfigurationDelegate - Bootstrapping Spring Data Couchbase repositories in DEFAULT mode.
2024-06-24 18:36:30 INFO  o.s.d.r.c.RepositoryConfigurationDelegate - Finished Spring Data repository scanning in 12 ms. Found 2 Couchbase repository interfaces.
2024-06-24 18:36:31 INFO  com.couchbase.core - [com.couchbase.core][CoreCreatedEvent] {"clientVersion":"3.6.2","clientGitHash":"${buildNumber}","coreVersion":"2.6.2","coreGitHash":"${buildNumber}","userAgent":"couchbase-java/3.6.2 (Linux 6.5.0-26-generic amd64; OpenJDK 64-Bit Server VM 21.0.2+13-58)","maxNumRequestsInRetry":32768,"ioEnvironment":{"nativeIoEnabled":true,"eventLoopThreadCount":4,"eventLoopGroups":["EpollEventLoopGroup"]},"ioConfig":{"captureTraffic":[],"mutationTokensEnabled":true,"networkResolution":"auto","dnsSrvEnabled":true,"tcpKeepAlivesEnabled":true,"tcpKeepAliveTimeMs":60000,"configPollIntervalMs":2500,"kvCircuitBreakerConfig":"disabled","queryCircuitBreakerConfig":"disabled","viewCircuitBreakerConfig":"disabled","searchCircuitBreakerConfig":"disabled","analyticsCircuitBreakerConfig":"disabled","managerCircuitBreakerConfig":"disabled","eventingCircuitBreakerConfig":"disabled","backupCircuitBreakerConfig":"disabled","numKvConnections":1,"maxHttpConnections":12,"idleHttpConnectionTimeoutMs":1000,"configIdleRedialTimeoutMs":300000,"memcachedHashingStrategy":"StandardMemcachedHashingStrategy","timerConfig":{"numTimers":1,"tickDurationMs":10,"numBuckets":512}},"compressionConfig":{"enabled":true,"minRatio":0.83,"minSize":32},"securityConfig":{"tlsEnabled":false,"nativeTlsEnabled":true,"hostnameVerificationEnabled":true,"trustCertificates":null,"trustManagerFactory":null,"ciphers":[]},"timeoutConfig":{"kvMs":2500,"kvDurableMs":10000,"kvScanMs":75000,"managementMs":75000,"queryMs":75000,"viewMs":75000,"searchMs":75000,"analyticsMs":75000,"connectMs":10000,"disconnectMs":10000,"eventingMs":75000,"backupMs":75000},"loggerConfig":{"diagnosticContextEnabled":false},"orphanReporterConfig":{"emitIntervalMs":10000,"sampleSize":10,"queueLength":1024,"enabled":true},"thresholdLoggingTracerConfig":{"enabled":true,"emitIntervalMs":10000,"sampleSize":10,"queueLength":1024,"kvThresholdMs":500,"queryThresholdMs":1000,"searchThresholdMs":1000,"analyticsThresholdMs":1000,"viewThresholdMs":1000,"transactionsThresholdMs":5000},"loggingMeterConfig":{"enabled":true,"emitIntervalMs":600000},"retryStrategy":"BestEffortRetryStrategy","requestTracer":"ThresholdLoggingTracer","meter":"LoggingMeter","numRequestCallbacks":0,"scheduler":"ParallelScheduler","schedulerThreadCount":8,"transactionsConfig":{"durabilityLevel":"MAJORITY","timeoutMs":15000,"cleanupConfig":{"runLostAttemptsCleanupThread":true,"runRegularAttemptsCleanupThread":true,"cleanupWindowMs":60000,"cleanupSet":""},"numAtrs":1024,"metadataCollection":"none","scanConsistency":"none"}} {"connectionString":"couchbase://192.168.5.84:8091=manager","coreId":"0xa6ff681e00000001","numCoreInstances":1,"seedNodes":[{"address":"192.168.5.84","mgmtPort":8091}]}
2024-06-24 18:36:31 INFO  com.couchbase.transactions - [com.couchbase.transactions][TransactionsStartedEvent] Transactions successfully initialised, regular cleanup enabled=true, lost cleanup enabled=true
2024-06-24 18:36:31 INFO  com.couchbase.node - [com.couchbase.node][NodeCreatedEvent] Node created {"coreId":"0xa6ff681e00000001","managerPort":"8091","remote":"192.168.5.84"}
2024-06-24 18:36:31 INFO  o.s.b.d.a.OptionalLiveReloadServer - LiveReload server is running on port 35729
2024-06-24 18:36:31 INFO  com.couchbase.core - [com.couchbase.core][BucketOpenedEvent][307ms] Opened bucket "ccBuk" {"coreId":"0xa6ff681e00000001"}
2024-06-24 18:36:31 INFO  c.e.c.CbProfileUtilsApplication - Started CbProfileUtilsApplication in 2.277 seconds (process running for 3.202)
2024-06-24 18:36:31 INFO  c.e.c.CbProfileUtilsApplication - Application started
2024-06-24 18:36:31 INFO  c.e.c.CbProfileUtilsApplication - filePath: /home/snow/Downloads/BI_Sample/split_to_5mil/test/xae
2024-06-24 18:36:31 INFO  c.e.c.CbProfileUtilsApplication - batchSize: 5000
2024-06-24 18:36:31 INFO  c.e.c.CbProfileUtilsApplication - threadCount: 40
2024-06-24 18:36:31 INFO  c.e.c.CbProfileUtilsApplication - file /home/snow/Downloads/BI_Sample/split_to_5mil/test/xae reading process has been started
2024-06-24 18:36:31 INFO  c.e.c.CbProfileUtilsApplication - number of active worker::0
2024-06-24 18:36:31 INFO  c.e.c.CbProfileUtilsApplication - thread Worker-5000 started
2024-06-24 18:36:31 INFO  c.e.c.CbProfileUtilsApplication - thread WorkerCountController started
2024-06-24 18:36:31 INFO  com.couchbase.core - [com.couchbase.core][BucketOpenedEvent][294ms] Opened bucket "profileIds" {"coreId":"0xa6ff681e00000001"}
2024-06-24 18:36:32 INFO  c.e.c.CbProfileUtilsApplication - Main thread is continuing the program
2024-06-24 18:36:32 INFO  c.e.c.CbProfileUtilsApplication - thread Worker-10000 started
2024-06-24 18:36:32 INFO  c.e.c.CbProfileUtilsApplication - thread WorkerCountController started
2024-06-24 18:36:33 INFO  c.e.c.CbProfileUtilsApplication - Main thread is continuing the program
2024-06-24 18:36:33 INFO  c.e.c.CbProfileUtilsApplication - file /home/snow/Downloads/BI_Sample/split_to_5mil/test/xae reading process has ended
2024-06-24 18:37:31 INFO  c.e.c.CbProfileUtilsApplication - number of active worker::0
2024-06-24 18:37:58 INFO  com.couchbase.transactions.cleanup - [com.couchbase.transactions.cleanup][LogEvent] Waiting for 1 regular background threads to exit
2024-06-24 18:37:58 INFO  c.c.transactions.cleanup.regular - [com.couchbase.transactions.cleanup.regular][LogEvent] Stopping background cleanup thread for transactions from this client
2024-06-24 18:37:58 INFO  c.c.transactions.cleanup.lost - [com.couchbase.transactions.cleanup.lost][LogEvent] Client 4d565 stopping lost cleanup process, 0 threads running
2024-06-24 18:37:58 INFO  c.c.transactions.cleanup.lost - [com.couchbase.transactions.cleanup.lost][LogEvent] Client 4d565 stopped lost cleanup process and removed client from client records
2024-06-24 18:37:58 INFO  com.couchbase.transactions.cleanup - [com.couchbase.transactions.cleanup][LogEvent] Background threads have exitted
2024-06-24 18:37:58 INFO  com.couchbase.core - [com.couchbase.core][BucketClosedEvent][860us] Closed bucket "ccBuk" {"coreId":"0xa6ff681e00000001"}
2024-06-24 18:37:58 INFO  com.couchbase.core - [com.couchbase.core][BucketClosedEvent][65us] Closed bucket "profileIds" {"coreId":"0xa6ff681e00000001"}
2024-06-24 18:37:58 INFO  com.couchbase.node - [com.couchbase.node][NodeDisconnectedEvent][425us] Node disconnected {"coreId":"0xa6ff681e00000001","managerPort":"8091","remote":"192.168.5.84"}
2024-06-24 18:37:58 INFO  com.couchbase.core - [com.couchbase.core][ShutdownCompletedEvent][6392us] Completed shutdown and closed all open buckets {"coreId":"0xa6ff681e00000001"}
2024-06-24 18:38:02 INFO  c.e.c.CbProfileUtilsApplication - Starting CbProfileUtilsApplication using Java 21.0.2 with PID 912600 (/home/snow/IdeaProjects/CbProfileUtils/target/classes started by snow in /home/snow/IdeaProjects/CbProfileUtils)
2024-06-24 18:38:02 INFO  c.e.c.CbProfileUtilsApplication - No active profile set, falling back to 1 default profile: "default"
2024-06-24 18:38:02 INFO  o.s.b.d.e.DevToolsPropertyDefaultsPostProcessor - Devtools property defaults active! Set 'spring.devtools.add-properties' to 'false' to disable
2024-06-24 18:38:03 INFO  o.s.d.r.c.RepositoryConfigurationDelegate - Multiple Spring Data modules found, entering strict repository configuration mode
2024-06-24 18:38:03 INFO  o.s.d.r.c.RepositoryConfigurationDelegate - Bootstrapping Spring Data Couchbase repositories in DEFAULT mode.
2024-06-24 18:38:03 INFO  o.s.d.r.c.RepositoryConfigurationDelegate - Finished Spring Data repository scanning in 103 ms. Found 0 Couchbase repository interfaces.
2024-06-24 18:38:03 INFO  o.s.d.r.c.RepositoryConfigurationDelegate - Multiple Spring Data modules found, entering strict repository configuration mode
2024-06-24 18:38:03 INFO  o.s.d.r.c.RepositoryConfigurationDelegate - Bootstrapping Spring Data Couchbase repositories in DEFAULT mode.
2024-06-24 18:38:03 INFO  o.s.d.r.c.RepositoryConfigurationDelegate - Finished Spring Data repository scanning in 19 ms. Found 2 Couchbase repository interfaces.
2024-06-24 18:38:03 INFO  com.couchbase.core - [com.couchbase.core][CoreCreatedEvent] {"clientVersion":"3.6.2","clientGitHash":"${buildNumber}","coreVersion":"2.6.2","coreGitHash":"${buildNumber}","userAgent":"couchbase-java/3.6.2 (Linux 6.5.0-26-generic amd64; OpenJDK 64-Bit Server VM 21.0.2+13-58)","maxNumRequestsInRetry":32768,"ioEnvironment":{"nativeIoEnabled":true,"eventLoopThreadCount":4,"eventLoopGroups":["EpollEventLoopGroup"]},"ioConfig":{"captureTraffic":[],"mutationTokensEnabled":true,"networkResolution":"auto","dnsSrvEnabled":true,"tcpKeepAlivesEnabled":true,"tcpKeepAliveTimeMs":60000,"configPollIntervalMs":2500,"kvCircuitBreakerConfig":"disabled","queryCircuitBreakerConfig":"disabled","viewCircuitBreakerConfig":"disabled","searchCircuitBreakerConfig":"disabled","analyticsCircuitBreakerConfig":"disabled","managerCircuitBreakerConfig":"disabled","eventingCircuitBreakerConfig":"disabled","backupCircuitBreakerConfig":"disabled","numKvConnections":1,"maxHttpConnections":12,"idleHttpConnectionTimeoutMs":1000,"configIdleRedialTimeoutMs":300000,"memcachedHashingStrategy":"StandardMemcachedHashingStrategy","timerConfig":{"numTimers":1,"tickDurationMs":10,"numBuckets":512}},"compressionConfig":{"enabled":true,"minRatio":0.83,"minSize":32},"securityConfig":{"tlsEnabled":false,"nativeTlsEnabled":true,"hostnameVerificationEnabled":true,"trustCertificates":null,"trustManagerFactory":null,"ciphers":[]},"timeoutConfig":{"kvMs":2500,"kvDurableMs":10000,"kvScanMs":75000,"managementMs":75000,"queryMs":75000,"viewMs":75000,"searchMs":75000,"analyticsMs":75000,"connectMs":10000,"disconnectMs":10000,"eventingMs":75000,"backupMs":75000},"loggerConfig":{"diagnosticContextEnabled":false},"orphanReporterConfig":{"emitIntervalMs":10000,"sampleSize":10,"queueLength":1024,"enabled":true},"thresholdLoggingTracerConfig":{"enabled":true,"emitIntervalMs":10000,"sampleSize":10,"queueLength":1024,"kvThresholdMs":500,"queryThresholdMs":1000,"searchThresholdMs":1000,"analyticsThresholdMs":1000,"viewThresholdMs":1000,"transactionsThresholdMs":5000},"loggingMeterConfig":{"enabled":true,"emitIntervalMs":600000},"retryStrategy":"BestEffortRetryStrategy","requestTracer":"ThresholdLoggingTracer","meter":"LoggingMeter","numRequestCallbacks":0,"scheduler":"ParallelScheduler","schedulerThreadCount":8,"transactionsConfig":{"durabilityLevel":"MAJORITY","timeoutMs":15000,"cleanupConfig":{"runLostAttemptsCleanupThread":true,"runRegularAttemptsCleanupThread":true,"cleanupWindowMs":60000,"cleanupSet":""},"numAtrs":1024,"metadataCollection":"none","scanConsistency":"none"}} {"connectionString":"couchbase://192.168.5.84:8091=manager","coreId":"0xa6a23fb000000001","numCoreInstances":1,"seedNodes":[{"address":"192.168.5.84","mgmtPort":8091}]}
2024-06-24 18:38:03 INFO  com.couchbase.transactions - [com.couchbase.transactions][TransactionsStartedEvent] Transactions successfully initialised, regular cleanup enabled=true, lost cleanup enabled=true
2024-06-24 18:38:03 INFO  com.couchbase.node - [com.couchbase.node][NodeCreatedEvent] Node created {"coreId":"0xa6a23fb000000001","managerPort":"8091","remote":"192.168.5.84"}
2024-06-24 18:38:04 INFO  o.s.b.d.a.OptionalLiveReloadServer - LiveReload server is running on port 35729
2024-06-24 18:38:04 INFO  com.couchbase.core - [com.couchbase.core][BucketOpenedEvent][339ms] Opened bucket "ccBuk" {"coreId":"0xa6a23fb000000001"}
2024-06-24 18:38:04 INFO  c.e.c.CbProfileUtilsApplication - Started CbProfileUtilsApplication in 2.267 seconds (process running for 3.013)
2024-06-24 18:38:04 INFO  c.e.c.CbProfileUtilsApplication - Application started
2024-06-24 18:38:04 INFO  c.e.c.CbProfileUtilsApplication - filePath: /home/snow/Downloads/BI_Sample/split_to_5mil/test/xae
2024-06-24 18:38:04 INFO  c.e.c.CbProfileUtilsApplication - batchSize: 5000
2024-06-24 18:38:04 INFO  c.e.c.CbProfileUtilsApplication - threadCount: 40
2024-06-24 18:38:04 INFO  c.e.c.CbProfileUtilsApplication - file /home/snow/Downloads/BI_Sample/split_to_5mil/test/xae reading process has been started
2024-06-24 18:38:04 INFO  c.e.c.CbProfileUtilsApplication - number of active worker::0
2024-06-24 18:38:04 INFO  c.e.c.CbProfileUtilsApplication - thread Worker-5000 started
2024-06-24 18:38:04 INFO  c.e.c.CbProfileUtilsApplication - thread WorkerCountController started
2024-06-24 18:38:04 INFO  com.couchbase.core - [com.couchbase.core][BucketOpenedEvent][296ms] Opened bucket "profileIds" {"coreId":"0xa6a23fb000000001"}
2024-06-24 18:38:05 INFO  com.couchbase.core - [com.couchbase.core][BucketOpenedEvent][299ms] Opened bucket "tempProfileIds" {"coreId":"0xa6a23fb000000001"}
2024-06-24 18:38:05 INFO  c.e.c.CbProfileUtilsApplication - Main thread is continuing the program
2024-06-24 18:38:05 INFO  c.e.c.CbProfileUtilsApplication - thread Worker-10000 started
2024-06-24 18:38:05 INFO  c.e.c.CbProfileUtilsApplication - thread WorkerCountController started
2024-06-24 18:38:06 INFO  c.e.c.CbProfileUtilsApplication - Main thread is continuing the program
2024-06-24 18:38:06 INFO  c.e.c.CbProfileUtilsApplication - file /home/snow/Downloads/BI_Sample/split_to_5mil/test/xae reading process has ended
2024-06-24 18:39:04 INFO  c.e.c.CbProfileUtilsApplication - number of active worker::0
2024-06-24 18:40:04 INFO  c.e.c.CbProfileUtilsApplication - number of active worker::0
2024-06-24 18:41:04 INFO  c.e.c.CbProfileUtilsApplication - number of active worker::0
2024-06-24 18:42:04 INFO  c.e.c.CbProfileUtilsApplication - number of active worker::0
2024-06-24 18:42:26 INFO  com.couchbase.transactions.cleanup - [com.couchbase.transactions.cleanup][LogEvent] Waiting for 1 regular background threads to exit
2024-06-24 18:42:26 INFO  c.c.transactions.cleanup.regular - [com.couchbase.transactions.cleanup.regular][LogEvent] Stopping background cleanup thread for transactions from this client
2024-06-24 18:42:26 INFO  c.c.transactions.cleanup.lost - [com.couchbase.transactions.cleanup.lost][LogEvent] Client d00e9 stopping lost cleanup process, 0 threads running
2024-06-24 18:42:26 INFO  c.c.transactions.cleanup.lost - [com.couchbase.transactions.cleanup.lost][LogEvent] Client d00e9 stopped lost cleanup process and removed client from client records
2024-06-24 18:42:26 INFO  com.couchbase.transactions.cleanup - [com.couchbase.transactions.cleanup][LogEvent] Background threads have exitted
2024-06-24 18:42:26 INFO  com.couchbase.core - [com.couchbase.core][BucketClosedEvent][1836us] Closed bucket "tempProfileIds" {"coreId":"0xa6a23fb000000001"}
2024-06-24 18:42:26 INFO  com.couchbase.core - [com.couchbase.core][BucketClosedEvent][127us] Closed bucket "ccBuk" {"coreId":"0xa6a23fb000000001"}
2024-06-24 18:42:26 INFO  com.couchbase.core - [com.couchbase.core][BucketClosedEvent][92us] Closed bucket "profileIds" {"coreId":"0xa6a23fb000000001"}
2024-06-24 18:42:26 INFO  com.couchbase.node - [com.couchbase.node][NodeDisconnectedEvent][790us] Node disconnected {"coreId":"0xa6a23fb000000001","managerPort":"8091","remote":"192.168.5.84"}
2024-06-24 18:42:26 INFO  com.couchbase.core - [com.couchbase.core][ShutdownCompletedEvent][14ms] Completed shutdown and closed all open buckets {"coreId":"0xa6a23fb000000001"}
2024-06-24 18:43:01 INFO  c.e.c.CbProfileUtilsApplication - Starting CbProfileUtilsApplication using Java 21.0.2 with PID 913414 (/home/snow/IdeaProjects/CbProfileUtils/target/classes started by snow in /home/snow/IdeaProjects/CbProfileUtils)
2024-06-24 18:43:01 INFO  c.e.c.CbProfileUtilsApplication - No active profile set, falling back to 1 default profile: "default"
2024-06-24 18:43:01 INFO  o.s.b.d.e.DevToolsPropertyDefaultsPostProcessor - Devtools property defaults active! Set 'spring.devtools.add-properties' to 'false' to disable
2024-06-24 18:43:02 INFO  o.s.d.r.c.RepositoryConfigurationDelegate - Multiple Spring Data modules found, entering strict repository configuration mode
2024-06-24 18:43:02 INFO  o.s.d.r.c.RepositoryConfigurationDelegate - Bootstrapping Spring Data Couchbase repositories in DEFAULT mode.
2024-06-24 18:43:02 INFO  o.s.d.r.c.RepositoryConfigurationDelegate - Finished Spring Data repository scanning in 74 ms. Found 0 Couchbase repository interfaces.
2024-06-24 18:43:02 INFO  o.s.d.r.c.RepositoryConfigurationDelegate - Multiple Spring Data modules found, entering strict repository configuration mode
2024-06-24 18:43:02 INFO  o.s.d.r.c.RepositoryConfigurationDelegate - Bootstrapping Spring Data Couchbase repositories in DEFAULT mode.
2024-06-24 18:43:02 INFO  o.s.d.r.c.RepositoryConfigurationDelegate - Finished Spring Data repository scanning in 12 ms. Found 2 Couchbase repository interfaces.
2024-06-24 18:43:02 INFO  com.couchbase.core - [com.couchbase.core][CoreCreatedEvent] {"clientVersion":"3.6.2","clientGitHash":"${buildNumber}","coreVersion":"2.6.2","coreGitHash":"${buildNumber}","userAgent":"couchbase-java/3.6.2 (Linux 6.5.0-26-generic amd64; OpenJDK 64-Bit Server VM 21.0.2+13-58)","maxNumRequestsInRetry":32768,"ioEnvironment":{"nativeIoEnabled":true,"eventLoopThreadCount":4,"eventLoopGroups":["EpollEventLoopGroup"]},"ioConfig":{"captureTraffic":[],"mutationTokensEnabled":true,"networkResolution":"auto","dnsSrvEnabled":true,"tcpKeepAlivesEnabled":true,"tcpKeepAliveTimeMs":60000,"configPollIntervalMs":2500,"kvCircuitBreakerConfig":"disabled","queryCircuitBreakerConfig":"disabled","viewCircuitBreakerConfig":"disabled","searchCircuitBreakerConfig":"disabled","analyticsCircuitBreakerConfig":"disabled","managerCircuitBreakerConfig":"disabled","eventingCircuitBreakerConfig":"disabled","backupCircuitBreakerConfig":"disabled","numKvConnections":1,"maxHttpConnections":12,"idleHttpConnectionTimeoutMs":1000,"configIdleRedialTimeoutMs":300000,"memcachedHashingStrategy":"StandardMemcachedHashingStrategy","timerConfig":{"numTimers":1,"tickDurationMs":10,"numBuckets":512}},"compressionConfig":{"enabled":true,"minRatio":0.83,"minSize":32},"securityConfig":{"tlsEnabled":false,"nativeTlsEnabled":true,"hostnameVerificationEnabled":true,"trustCertificates":null,"trustManagerFactory":null,"ciphers":[]},"timeoutConfig":{"kvMs":2500,"kvDurableMs":10000,"kvScanMs":75000,"managementMs":75000,"queryMs":75000,"viewMs":75000,"searchMs":75000,"analyticsMs":75000,"connectMs":10000,"disconnectMs":10000,"eventingMs":75000,"backupMs":75000},"loggerConfig":{"diagnosticContextEnabled":false},"orphanReporterConfig":{"emitIntervalMs":10000,"sampleSize":10,"queueLength":1024,"enabled":true},"thresholdLoggingTracerConfig":{"enabled":true,"emitIntervalMs":10000,"sampleSize":10,"queueLength":1024,"kvThresholdMs":500,"queryThresholdMs":1000,"searchThresholdMs":1000,"analyticsThresholdMs":1000,"viewThresholdMs":1000,"transactionsThresholdMs":5000},"loggingMeterConfig":{"enabled":true,"emitIntervalMs":600000},"retryStrategy":"BestEffortRetryStrategy","requestTracer":"ThresholdLoggingTracer","meter":"LoggingMeter","numRequestCallbacks":0,"scheduler":"ParallelScheduler","schedulerThreadCount":8,"transactionsConfig":{"durabilityLevel":"MAJORITY","timeoutMs":15000,"cleanupConfig":{"runLostAttemptsCleanupThread":true,"runRegularAttemptsCleanupThread":true,"cleanupWindowMs":60000,"cleanupSet":""},"numAtrs":1024,"metadataCollection":"none","scanConsistency":"none"}} {"connectionString":"couchbase://192.168.5.84:8091=manager","coreId":"0xeb5fe18e00000001","numCoreInstances":1,"seedNodes":[{"address":"192.168.5.84","mgmtPort":8091}]}
2024-06-24 18:43:02 INFO  com.couchbase.transactions - [com.couchbase.transactions][TransactionsStartedEvent] Transactions successfully initialised, regular cleanup enabled=true, lost cleanup enabled=true
2024-06-24 18:43:02 INFO  com.couchbase.node - [com.couchbase.node][NodeCreatedEvent] Node created {"coreId":"0xeb5fe18e00000001","managerPort":"8091","remote":"192.168.5.84"}
2024-06-24 18:43:02 INFO  o.s.b.d.a.OptionalLiveReloadServer - LiveReload server is running on port 35729
2024-06-24 18:43:03 INFO  com.couchbase.core - [com.couchbase.core][BucketOpenedEvent][320ms] Opened bucket "ccBuk" {"coreId":"0xeb5fe18e00000001"}
2024-06-24 18:43:03 INFO  c.e.c.CbProfileUtilsApplication - Started CbProfileUtilsApplication in 1.691 seconds (process running for 2.444)
2024-06-24 18:43:03 INFO  c.e.c.CbProfileUtilsApplication - Application started
2024-06-24 18:43:03 INFO  c.e.c.CbProfileUtilsApplication - filePath: /home/snow/Downloads/BI_Sample/split_to_5mil/test/xae
2024-06-24 18:43:03 INFO  c.e.c.CbProfileUtilsApplication - batchSize: 5000
2024-06-24 18:43:03 INFO  c.e.c.CbProfileUtilsApplication - threadCount: 40
2024-06-24 18:43:03 INFO  com.couchbase.transactions.cleanup - [com.couchbase.transactions.cleanup][LogEvent] Waiting for 1 regular background threads to exit
2024-06-24 18:43:03 INFO  c.c.transactions.cleanup.regular - [com.couchbase.transactions.cleanup.regular][LogEvent] Stopping background cleanup thread for transactions from this client
2024-06-24 18:43:03 INFO  c.c.transactions.cleanup.lost - [com.couchbase.transactions.cleanup.lost][LogEvent] Client de8b9 stopping lost cleanup process, 0 threads running
2024-06-24 18:43:03 INFO  c.c.transactions.cleanup.lost - [com.couchbase.transactions.cleanup.lost][LogEvent] Client de8b9 stopped lost cleanup process and removed client from client records
2024-06-24 18:43:03 INFO  com.couchbase.transactions.cleanup - [com.couchbase.transactions.cleanup][LogEvent] Background threads have exitted
2024-06-24 18:43:03 INFO  com.couchbase.core - [com.couchbase.core][BucketClosedEvent][1926us] Closed bucket "ccBuk" {"coreId":"0xeb5fe18e00000001"}
2024-06-24 18:43:03 INFO  com.couchbase.node - [com.couchbase.node][NodeDisconnectedEvent][432us] Node disconnected {"coreId":"0xeb5fe18e00000001","managerPort":"8091","remote":"192.168.5.84"}
2024-06-24 18:43:03 INFO  com.couchbase.core - [com.couchbase.core][ShutdownCompletedEvent][9387us] Completed shutdown and closed all open buckets {"coreId":"0xeb5fe18e00000001"}
2024-06-24 18:44:07 INFO  c.e.c.CbProfileUtilsApplication - Starting CbProfileUtilsApplication using Java 21.0.2 with PID 913641 (/home/snow/IdeaProjects/CbProfileUtils/target/classes started by snow in /home/snow/IdeaProjects/CbProfileUtils)
2024-06-24 18:44:07 INFO  c.e.c.CbProfileUtilsApplication - No active profile set, falling back to 1 default profile: "default"
2024-06-24 18:44:07 INFO  o.s.b.d.e.DevToolsPropertyDefaultsPostProcessor - Devtools property defaults active! Set 'spring.devtools.add-properties' to 'false' to disable
2024-06-24 18:44:07 INFO  o.s.d.r.c.RepositoryConfigurationDelegate - Multiple Spring Data modules found, entering strict repository configuration mode
2024-06-24 18:44:07 INFO  o.s.d.r.c.RepositoryConfigurationDelegate - Bootstrapping Spring Data Couchbase repositories in DEFAULT mode.
2024-06-24 18:44:07 INFO  o.s.d.r.c.RepositoryConfigurationDelegate - Finished Spring Data repository scanning in 69 ms. Found 0 Couchbase repository interfaces.
2024-06-24 18:44:07 INFO  o.s.d.r.c.RepositoryConfigurationDelegate - Multiple Spring Data modules found, entering strict repository configuration mode
2024-06-24 18:44:07 INFO  o.s.d.r.c.RepositoryConfigurationDelegate - Bootstrapping Spring Data Couchbase repositories in DEFAULT mode.
2024-06-24 18:44:07 INFO  o.s.d.r.c.RepositoryConfigurationDelegate - Finished Spring Data repository scanning in 11 ms. Found 2 Couchbase repository interfaces.
2024-06-24 18:44:08 INFO  com.couchbase.core - [com.couchbase.core][CoreCreatedEvent] {"clientVersion":"3.6.2","clientGitHash":"${buildNumber}","coreVersion":"2.6.2","coreGitHash":"${buildNumber}","userAgent":"couchbase-java/3.6.2 (Linux 6.5.0-26-generic amd64; OpenJDK 64-Bit Server VM 21.0.2+13-58)","maxNumRequestsInRetry":32768,"ioEnvironment":{"nativeIoEnabled":true,"eventLoopThreadCount":4,"eventLoopGroups":["EpollEventLoopGroup"]},"ioConfig":{"captureTraffic":[],"mutationTokensEnabled":true,"networkResolution":"auto","dnsSrvEnabled":true,"tcpKeepAlivesEnabled":true,"tcpKeepAliveTimeMs":60000,"configPollIntervalMs":2500,"kvCircuitBreakerConfig":"disabled","queryCircuitBreakerConfig":"disabled","viewCircuitBreakerConfig":"disabled","searchCircuitBreakerConfig":"disabled","analyticsCircuitBreakerConfig":"disabled","managerCircuitBreakerConfig":"disabled","eventingCircuitBreakerConfig":"disabled","backupCircuitBreakerConfig":"disabled","numKvConnections":1,"maxHttpConnections":12,"idleHttpConnectionTimeoutMs":1000,"configIdleRedialTimeoutMs":300000,"memcachedHashingStrategy":"StandardMemcachedHashingStrategy","timerConfig":{"numTimers":1,"tickDurationMs":10,"numBuckets":512}},"compressionConfig":{"enabled":true,"minRatio":0.83,"minSize":32},"securityConfig":{"tlsEnabled":false,"nativeTlsEnabled":true,"hostnameVerificationEnabled":true,"trustCertificates":null,"trustManagerFactory":null,"ciphers":[]},"timeoutConfig":{"kvMs":2500,"kvDurableMs":10000,"kvScanMs":75000,"managementMs":75000,"queryMs":75000,"viewMs":75000,"searchMs":75000,"analyticsMs":75000,"connectMs":10000,"disconnectMs":10000,"eventingMs":75000,"backupMs":75000},"loggerConfig":{"diagnosticContextEnabled":false},"orphanReporterConfig":{"emitIntervalMs":10000,"sampleSize":10,"queueLength":1024,"enabled":true},"thresholdLoggingTracerConfig":{"enabled":true,"emitIntervalMs":10000,"sampleSize":10,"queueLength":1024,"kvThresholdMs":500,"queryThresholdMs":1000,"searchThresholdMs":1000,"analyticsThresholdMs":1000,"viewThresholdMs":1000,"transactionsThresholdMs":5000},"loggingMeterConfig":{"enabled":true,"emitIntervalMs":600000},"retryStrategy":"BestEffortRetryStrategy","requestTracer":"ThresholdLoggingTracer","meter":"LoggingMeter","numRequestCallbacks":0,"scheduler":"ParallelScheduler","schedulerThreadCount":8,"transactionsConfig":{"durabilityLevel":"MAJORITY","timeoutMs":15000,"cleanupConfig":{"runLostAttemptsCleanupThread":true,"runRegularAttemptsCleanupThread":true,"cleanupWindowMs":60000,"cleanupSet":""},"numAtrs":1024,"metadataCollection":"none","scanConsistency":"none"}} {"connectionString":"couchbase://192.168.5.84:8091=manager","coreId":"0x996ea89600000001","numCoreInstances":1,"seedNodes":[{"address":"192.168.5.84","mgmtPort":8091}]}
2024-06-24 18:44:08 INFO  com.couchbase.transactions - [com.couchbase.transactions][TransactionsStartedEvent] Transactions successfully initialised, regular cleanup enabled=true, lost cleanup enabled=true
2024-06-24 18:44:08 INFO  com.couchbase.node - [com.couchbase.node][NodeCreatedEvent] Node created {"coreId":"0x996ea89600000001","managerPort":"8091","remote":"192.168.5.84"}
2024-06-24 18:44:08 INFO  o.s.b.d.a.OptionalLiveReloadServer - LiveReload server is running on port 35729
2024-06-24 18:44:08 INFO  com.couchbase.core - [com.couchbase.core][BucketOpenedEvent][253ms] Opened bucket "ccBuk" {"coreId":"0x996ea89600000001"}
2024-06-24 18:44:08 INFO  c.e.c.CbProfileUtilsApplication - Started CbProfileUtilsApplication in 1.555 seconds (process running for 2.195)
2024-06-24 18:44:08 INFO  c.e.c.CbProfileUtilsApplication - Application started
2024-06-24 18:44:08 INFO  c.e.c.CbProfileUtilsApplication - filePath: /home/snow/Downloads/BI_Sample/split_to_5mil/test/xae
2024-06-24 18:44:08 INFO  c.e.c.CbProfileUtilsApplication - batchSize: 5000
2024-06-24 18:44:08 INFO  c.e.c.CbProfileUtilsApplication - threadCount: 40
2024-06-24 18:44:08 INFO  c.e.c.CbProfileUtilsApplication - file /home/snow/Downloads/BI_Sample/split_to_5mil/test/xae reading process has been started
2024-06-24 18:44:08 INFO  c.e.c.CbProfileUtilsApplication - number of active worker::0
2024-06-24 18:44:08 INFO  c.e.c.CbProfileUtilsApplication - thread Worker-5000 started
2024-06-24 18:44:08 INFO  c.e.c.CbProfileUtilsApplication - thread WorkerCountController started
2024-06-24 18:44:08 INFO  com.couchbase.core - [com.couchbase.core][BucketOpenedEvent][295ms] Opened bucket "profileIds" {"coreId":"0x996ea89600000001"}
2024-06-24 18:44:09 INFO  c.e.c.CbProfileUtilsApplication - Main thread is continuing the program
2024-06-24 18:44:09 INFO  c.e.c.CbProfileUtilsApplication - thread Worker-10000 started
2024-06-24 18:44:09 INFO  c.e.c.CbProfileUtilsApplication - thread WorkerCountController started
2024-06-24 18:44:10 INFO  c.e.c.CbProfileUtilsApplication - Main thread is continuing the program
2024-06-24 18:44:10 INFO  c.e.c.CbProfileUtilsApplication - thread Worker-15000 started
2024-06-24 18:44:10 INFO  c.e.c.CbProfileUtilsApplication - thread WorkerCountController started
2024-06-24 18:44:11 INFO  com.couchbase.core - [com.couchbase.core][BucketOpenedEvent][281ms] Opened bucket "tempProfileIds" {"coreId":"0x996ea89600000001"}
2024-06-24 18:44:11 INFO  c.e.c.CbProfileUtilsApplication - Main thread is continuing the program
2024-06-24 18:44:11 INFO  c.e.c.CbProfileUtilsApplication - thread Worker-20000 started
2024-06-24 18:44:11 INFO  c.e.c.CbProfileUtilsApplication - thread WorkerCountController started
2024-06-24 18:44:12 INFO  c.e.c.CbProfileUtilsApplication - Main thread is continuing the program
2024-06-24 18:44:13 INFO  c.e.c.CbProfileUtilsApplication - thread Worker-25000 started
2024-06-24 18:44:13 INFO  c.e.c.CbProfileUtilsApplication - thread WorkerCountController started
2024-06-24 18:44:14 INFO  c.e.c.CbProfileUtilsApplication - Main thread is continuing the program
2024-06-24 18:44:14 INFO  c.e.c.CbProfileUtilsApplication - thread Worker-30000 started
2024-06-24 18:44:14 INFO  c.e.c.CbProfileUtilsApplication - thread WorkerCountController started
2024-06-24 18:44:15 INFO  c.e.c.CbProfileUtilsApplication - Main thread is continuing the program
2024-06-24 18:44:15 INFO  c.e.c.CbProfileUtilsApplication - thread Worker-35000 started
2024-06-24 18:44:15 INFO  c.e.c.CbProfileUtilsApplication - thread WorkerCountController started
2024-06-24 18:44:16 INFO  c.e.c.CbProfileUtilsApplication - Main thread is continuing the program
2024-06-24 18:44:16 INFO  c.e.c.CbProfileUtilsApplication - thread Worker-40000 started
2024-06-24 18:44:16 INFO  c.e.c.CbProfileUtilsApplication - thread WorkerCountController started
2024-06-24 18:44:17 INFO  c.e.c.CbProfileUtilsApplication - Main thread is continuing the program
2024-06-24 18:44:17 INFO  c.e.c.CbProfileUtilsApplication - thread Worker-45000 started
2024-06-24 18:44:17 INFO  c.e.c.CbProfileUtilsApplication - thread WorkerCountController started
2024-06-24 18:44:18 INFO  c.e.c.CbProfileUtilsApplication - Main thread is continuing the program
2024-06-24 18:44:18 INFO  c.e.c.CbProfileUtilsApplication - thread Worker-50000 started
2024-06-24 18:44:18 INFO  c.e.c.CbProfileUtilsApplication - thread WorkerCountController started
2024-06-24 18:44:19 INFO  c.e.c.CbProfileUtilsApplication - Main thread is continuing the program
2024-06-24 18:44:19 INFO  c.e.c.CbProfileUtilsApplication - file /home/snow/Downloads/BI_Sample/split_to_5mil/test/xae reading process has ended
2024-06-24 18:44:42 INFO  c.example.cbprofileutils.Controller - start date time: 2024-06-24T18:44:08.503850586
2024-06-24 18:44:42 INFO  c.example.cbprofileutils.Controller - end date time: 2024-06-24T18:44:42.033930513
2024-06-24 18:44:42 INFO  c.example.cbprofileutils.Controller - total time: 0 Hours, 0 Minutes, 33 Seconds, 531 Milli Seconds
2024-06-24 18:44:42 INFO  com.couchbase.transactions.cleanup - [com.couchbase.transactions.cleanup][LogEvent] Waiting for 1 regular background threads to exit
2024-06-24 18:44:42 INFO  c.c.transactions.cleanup.regular - [com.couchbase.transactions.cleanup.regular][LogEvent] Stopping background cleanup thread for transactions from this client
2024-06-24 18:44:42 INFO  c.c.transactions.cleanup.lost - [com.couchbase.transactions.cleanup.lost][LogEvent] Client 626ac stopping lost cleanup process, 0 threads running
2024-06-24 18:44:42 INFO  c.c.transactions.cleanup.lost - [com.couchbase.transactions.cleanup.lost][LogEvent] Client 626ac stopped lost cleanup process and removed client from client records
2024-06-24 18:44:42 INFO  com.couchbase.transactions.cleanup - [com.couchbase.transactions.cleanup][LogEvent] Background threads have exitted
2024-06-24 18:44:42 INFO  com.couchbase.core - [com.couchbase.core][BucketClosedEvent][880us] Closed bucket "tempProfileIds" {"coreId":"0x996ea89600000001"}
2024-06-24 18:44:42 INFO  com.couchbase.core - [com.couchbase.core][BucketClosedEvent][48us] Closed bucket "ccBuk" {"coreId":"0x996ea89600000001"}
2024-06-24 18:44:42 INFO  com.couchbase.core - [com.couchbase.core][BucketClosedEvent][34us] Closed bucket "profileIds" {"coreId":"0x996ea89600000001"}
2024-06-24 18:44:42 INFO  com.couchbase.node - [com.couchbase.node][NodeDisconnectedEvent][323us] Node disconnected {"coreId":"0x996ea89600000001","managerPort":"8091","remote":"192.168.5.84"}
2024-06-24 18:44:42 INFO  com.couchbase.core - [com.couchbase.core][ShutdownCompletedEvent][6086us] Completed shutdown and closed all open buckets {"coreId":"0x996ea89600000001"}
2024-06-24 18:45:51 INFO  c.e.c.CbProfileUtilsApplication - Starting CbProfileUtilsApplication using Java 21.0.2 with PID 913995 (/home/snow/IdeaProjects/CbProfileUtils/target/classes started by snow in /home/snow/IdeaProjects/CbProfileUtils)
2024-06-24 18:45:51 INFO  c.e.c.CbProfileUtilsApplication - No active profile set, falling back to 1 default profile: "default"
2024-06-24 18:45:51 INFO  o.s.b.d.e.DevToolsPropertyDefaultsPostProcessor - Devtools property defaults active! Set 'spring.devtools.add-properties' to 'false' to disable
2024-06-24 18:45:52 INFO  o.s.d.r.c.RepositoryConfigurationDelegate - Multiple Spring Data modules found, entering strict repository configuration mode
2024-06-24 18:45:52 INFO  o.s.d.r.c.RepositoryConfigurationDelegate - Bootstrapping Spring Data Couchbase repositories in DEFAULT mode.
2024-06-24 18:45:52 INFO  o.s.d.r.c.RepositoryConfigurationDelegate - Finished Spring Data repository scanning in 78 ms. Found 0 Couchbase repository interfaces.
2024-06-24 18:45:52 INFO  o.s.d.r.c.RepositoryConfigurationDelegate - Multiple Spring Data modules found, entering strict repository configuration mode
2024-06-24 18:45:52 INFO  o.s.d.r.c.RepositoryConfigurationDelegate - Bootstrapping Spring Data Couchbase repositories in DEFAULT mode.
2024-06-24 18:45:52 INFO  o.s.d.r.c.RepositoryConfigurationDelegate - Finished Spring Data repository scanning in 16 ms. Found 2 Couchbase repository interfaces.
2024-06-24 18:45:52 INFO  com.couchbase.core - [com.couchbase.core][CoreCreatedEvent] {"clientVersion":"3.6.2","clientGitHash":"${buildNumber}","coreVersion":"2.6.2","coreGitHash":"${buildNumber}","userAgent":"couchbase-java/3.6.2 (Linux 6.5.0-26-generic amd64; OpenJDK 64-Bit Server VM 21.0.2+13-58)","maxNumRequestsInRetry":32768,"ioEnvironment":{"nativeIoEnabled":true,"eventLoopThreadCount":4,"eventLoopGroups":["EpollEventLoopGroup"]},"ioConfig":{"captureTraffic":[],"mutationTokensEnabled":true,"networkResolution":"auto","dnsSrvEnabled":true,"tcpKeepAlivesEnabled":true,"tcpKeepAliveTimeMs":60000,"configPollIntervalMs":2500,"kvCircuitBreakerConfig":"disabled","queryCircuitBreakerConfig":"disabled","viewCircuitBreakerConfig":"disabled","searchCircuitBreakerConfig":"disabled","analyticsCircuitBreakerConfig":"disabled","managerCircuitBreakerConfig":"disabled","eventingCircuitBreakerConfig":"disabled","backupCircuitBreakerConfig":"disabled","numKvConnections":1,"maxHttpConnections":12,"idleHttpConnectionTimeoutMs":1000,"configIdleRedialTimeoutMs":300000,"memcachedHashingStrategy":"StandardMemcachedHashingStrategy","timerConfig":{"numTimers":1,"tickDurationMs":10,"numBuckets":512}},"compressionConfig":{"enabled":true,"minRatio":0.83,"minSize":32},"securityConfig":{"tlsEnabled":false,"nativeTlsEnabled":true,"hostnameVerificationEnabled":true,"trustCertificates":null,"trustManagerFactory":null,"ciphers":[]},"timeoutConfig":{"kvMs":2500,"kvDurableMs":10000,"kvScanMs":75000,"managementMs":75000,"queryMs":75000,"viewMs":75000,"searchMs":75000,"analyticsMs":75000,"connectMs":10000,"disconnectMs":10000,"eventingMs":75000,"backupMs":75000},"loggerConfig":{"diagnosticContextEnabled":false},"orphanReporterConfig":{"emitIntervalMs":10000,"sampleSize":10,"queueLength":1024,"enabled":true},"thresholdLoggingTracerConfig":{"enabled":true,"emitIntervalMs":10000,"sampleSize":10,"queueLength":1024,"kvThresholdMs":500,"queryThresholdMs":1000,"searchThresholdMs":1000,"analyticsThresholdMs":1000,"viewThresholdMs":1000,"transactionsThresholdMs":5000},"loggingMeterConfig":{"enabled":true,"emitIntervalMs":600000},"retryStrategy":"BestEffortRetryStrategy","requestTracer":"ThresholdLoggingTracer","meter":"LoggingMeter","numRequestCallbacks":0,"scheduler":"ParallelScheduler","schedulerThreadCount":8,"transactionsConfig":{"durabilityLevel":"MAJORITY","timeoutMs":15000,"cleanupConfig":{"runLostAttemptsCleanupThread":true,"runRegularAttemptsCleanupThread":true,"cleanupWindowMs":60000,"cleanupSet":""},"numAtrs":1024,"metadataCollection":"none","scanConsistency":"none"}} {"connectionString":"couchbase://192.168.5.84:8091=manager","coreId":"0x2cd62ccb00000001","numCoreInstances":1,"seedNodes":[{"address":"192.168.5.84","mgmtPort":8091}]}
2024-06-24 18:45:52 INFO  com.couchbase.transactions - [com.couchbase.transactions][TransactionsStartedEvent] Transactions successfully initialised, regular cleanup enabled=true, lost cleanup enabled=true
2024-06-24 18:45:52 INFO  com.couchbase.node - [com.couchbase.node][NodeCreatedEvent] Node created {"coreId":"0x2cd62ccb00000001","managerPort":"8091","remote":"192.168.5.84"}
2024-06-24 18:45:53 INFO  o.s.b.d.a.OptionalLiveReloadServer - LiveReload server is running on port 35729
2024-06-24 18:45:53 INFO  com.couchbase.core - [com.couchbase.core][BucketOpenedEvent][236ms] Opened bucket "ccBuk" {"coreId":"0x2cd62ccb00000001"}
2024-06-24 18:45:53 INFO  c.e.c.CbProfileUtilsApplication - Started CbProfileUtilsApplication in 1.786 seconds (process running for 2.453)
2024-06-24 18:45:53 INFO  c.e.c.CbProfileUtilsApplication - Application started
2024-06-24 18:45:53 INFO  c.e.c.CbProfileUtilsApplication - filePath: /home/snow/Downloads/BI_Sample/split_to_5mil/test/xae
2024-06-24 18:45:53 INFO  c.e.c.CbProfileUtilsApplication - batchSize: 5000
2024-06-24 18:45:53 INFO  c.e.c.CbProfileUtilsApplication - threadCount: 40
2024-06-24 18:45:53 INFO  c.e.c.CbProfileUtilsApplication - file /home/snow/Downloads/BI_Sample/split_to_5mil/test/xae reading process has been started
2024-06-24 18:45:53 INFO  c.e.c.CbProfileUtilsApplication - number of active worker::0
2024-06-24 18:45:53 INFO  c.e.c.CbProfileUtilsApplication - thread Worker-5000 started
2024-06-24 18:45:53 INFO  c.e.c.CbProfileUtilsApplication - thread WorkerCountController started
2024-06-24 18:45:53 INFO  com.couchbase.core - [com.couchbase.core][BucketOpenedEvent][291ms] Opened bucket "profileIds" {"coreId":"0x2cd62ccb00000001"}
2024-06-24 18:45:54 INFO  c.e.c.CbProfileUtilsApplication - Main thread is continuing the program
2024-06-24 18:45:54 INFO  c.e.c.CbProfileUtilsApplication - thread Worker-10000 started
2024-06-24 18:45:54 INFO  c.e.c.CbProfileUtilsApplication - thread WorkerCountController started
2024-06-24 18:45:55 INFO  c.e.c.CbProfileUtilsApplication - Main thread is continuing the program
2024-06-24 18:45:55 INFO  c.e.c.CbProfileUtilsApplication - thread Worker-15000 started
2024-06-24 18:45:55 INFO  c.e.c.CbProfileUtilsApplication - thread WorkerCountController started
2024-06-24 18:45:56 INFO  c.e.c.CbProfileUtilsApplication - Main thread is continuing the program
2024-06-24 18:45:56 INFO  c.e.c.CbProfileUtilsApplication - thread Worker-20000 started
2024-06-24 18:45:56 INFO  c.e.c.CbProfileUtilsApplication - thread WorkerCountController started
2024-06-24 18:45:57 INFO  c.e.c.CbProfileUtilsApplication - Main thread is continuing the program
2024-06-24 18:45:57 INFO  c.e.c.CbProfileUtilsApplication - thread Worker-25000 started
2024-06-24 18:45:57 INFO  c.e.c.CbProfileUtilsApplication - thread WorkerCountController started
2024-06-24 18:45:58 INFO  c.e.c.CbProfileUtilsApplication - Main thread is continuing the program
2024-06-24 18:45:58 INFO  c.e.c.CbProfileUtilsApplication - thread Worker-30000 started
2024-06-24 18:45:58 INFO  c.e.c.CbProfileUtilsApplication - thread WorkerCountController started
2024-06-24 18:45:59 INFO  c.e.c.CbProfileUtilsApplication - Main thread is continuing the program
2024-06-24 18:46:00 INFO  c.e.c.CbProfileUtilsApplication - thread Worker-35000 started
2024-06-24 18:46:00 INFO  c.e.c.CbProfileUtilsApplication - thread WorkerCountController started
2024-06-24 18:46:01 INFO  c.e.c.CbProfileUtilsApplication - Main thread is continuing the program
2024-06-24 18:46:01 INFO  c.e.c.CbProfileUtilsApplication - thread Worker-40000 started
2024-06-24 18:46:01 INFO  c.e.c.CbProfileUtilsApplication - thread WorkerCountController started
2024-06-24 18:46:02 INFO  c.e.c.CbProfileUtilsApplication - Main thread is continuing the program
2024-06-24 18:46:02 INFO  c.e.c.CbProfileUtilsApplication - thread Worker-45000 started
2024-06-24 18:46:02 INFO  c.e.c.CbProfileUtilsApplication - thread WorkerCountController started
2024-06-24 18:46:03 INFO  c.e.c.CbProfileUtilsApplication - Main thread is continuing the program
2024-06-24 18:46:03 INFO  c.e.c.CbProfileUtilsApplication - thread Worker-50000 started
2024-06-24 18:46:03 INFO  c.e.c.CbProfileUtilsApplication - thread WorkerCountController started
2024-06-24 18:46:04 INFO  c.e.c.CbProfileUtilsApplication - Main thread is continuing the program
2024-06-24 18:46:04 INFO  c.e.c.CbProfileUtilsApplication - file /home/snow/Downloads/BI_Sample/split_to_5mil/test/xae reading process has ended
2024-06-24 18:46:17 INFO  c.example.cbprofileutils.Controller - start date time: 2024-06-24T18:45:53.298878976
2024-06-24 18:46:17 INFO  c.example.cbprofileutils.Controller - end date time: 2024-06-24T18:46:17.454283185
2024-06-24 18:46:17 INFO  c.example.cbprofileutils.Controller - total time: 0 Hours, 0 Minutes, 24 Seconds, 156 Milli Seconds
2024-06-24 18:46:17 INFO  com.couchbase.transactions.cleanup - [com.couchbase.transactions.cleanup][LogEvent] Waiting for 1 regular background threads to exit
2024-06-24 18:46:17 INFO  c.c.transactions.cleanup.regular - [com.couchbase.transactions.cleanup.regular][LogEvent] Stopping background cleanup thread for transactions from this client
2024-06-24 18:46:17 INFO  c.c.transactions.cleanup.lost - [com.couchbase.transactions.cleanup.lost][LogEvent] Client 8b130 stopping lost cleanup process, 0 threads running
2024-06-24 18:46:17 INFO  c.c.transactions.cleanup.lost - [com.couchbase.transactions.cleanup.lost][LogEvent] Client 8b130 stopped lost cleanup process and removed client from client records
2024-06-24 18:46:17 INFO  com.couchbase.transactions.cleanup - [com.couchbase.transactions.cleanup][LogEvent] Background threads have exitted
2024-06-24 18:46:17 INFO  com.couchbase.core - [com.couchbase.core][BucketClosedEvent][992us] Closed bucket "ccBuk" {"coreId":"0x2cd62ccb00000001"}
2024-06-24 18:46:17 INFO  com.couchbase.core - [com.couchbase.core][BucketClosedEvent][53us] Closed bucket "profileIds" {"coreId":"0x2cd62ccb00000001"}
2024-06-24 18:46:17 INFO  com.couchbase.node - [com.couchbase.node][NodeDisconnectedEvent][326us] Node disconnected {"coreId":"0x2cd62ccb00000001","managerPort":"8091","remote":"192.168.5.84"}
2024-06-24 18:46:17 INFO  com.couchbase.core - [com.couchbase.core][ShutdownCompletedEvent][5961us] Completed shutdown and closed all open buckets {"coreId":"0x2cd62ccb00000001"}
